smartreply/app/build/intermediates/manifest_merge_blame_file/debug/manifest-merger-blame-debug-report.txt
1<?xml version="1.0" encoding="utf-8"?>
2<manifest xmlns:android="http://schemas.android.com/apk/res/android"
3    package="com.dreadedlama.reply.smartreply"
4    android:versionCode="1"
5    android:versionName="1.0" >
6
7    <uses-sdk
8        android:minSdkVersion="19"
8-->src\main\AndroidManifest.xml
9        android:targetSdkVersion="29" />
9-->src\main\AndroidManifest.xml
10
11    <uses-permission android:name="android.permission.FOREGROUND_SERVICE" />
11-->src\main\AndroidManifest.xml:5:5-76
11-->src\main\AndroidManifest.xml:5:22-74
12
13    <application
13-->src\main\AndroidManifest.xml:7:5-28:19
14        android:name="androidx.multidex.MultiDexApplication"
15        android:allowBackup="true"
15-->src\main\AndroidManifest.xml:8:9-35
16        android:appComponentFactory="androidx.core.app.CoreComponentFactory"
16-->[androidx.core:core:1.3.1] AndroidManifest.xml:24:18-86
17        android:debuggable="true"
18        android:icon="@mipmap/reply"
18-->src\main\AndroidManifest.xml:9:9-37
19        android:label="@string/app_name"
19-->src\main\AndroidManifest.xml:10:9-41
20        android:roundIcon="@mipmap/reply_round"
20-->src\main\AndroidManifest.xml:11:9-48
21        android:supportsRtl="true"
21-->src\main\AndroidManifest.xml:12:9-35
22        android:testOnly="true"
23        android:theme="@style/AppTheme" >
23-->src\main\AndroidManifest.xml:13:9-40
24        <activity
24-->src\main\AndroidManifest.xml:16:9-26:20
25            android:name="com.dreadedlama.reply.smartreply.getSmartReply.ActivityConfigGetSmartReply"
25-->src\main\AndroidManifest.xml:17:13-102
26            android:exported="true"
26-->src\main\AndroidManifest.xml:18:13-36
27            android:icon="@mipmap/reply"
27-->src\main\AndroidManifest.xml:19:13-41
28            android:label="Reply" >
28-->src\main\AndroidManifest.xml:20:13-34
29            <intent-filter>
29-->src\main\AndroidManifest.xml:21:13-25:29
30                <action android:name="android.intent.action.MAIN" />
30-->src\main\AndroidManifest.xml:22:17-69
30-->src\main\AndroidManifest.xml:22:25-66
31
32                <category android:name="android.intent.category.LAUNCHER" />
32-->src\main\AndroidManifest.xml:23:17-77
32-->src\main\AndroidManifest.xml:23:27-74
33
34                <action android:name="com.twofortyfouram.locale.intent.action.EDIT_SETTING" />
34-->src\main\AndroidManifest.xml:24:17-95
34-->src\main\AndroidManifest.xml:24:25-92
35            </intent-filter>
36        </activity>
37
38        <service
38-->[com.google.mlkit:smart-reply:16.1.1] AndroidManifest.xml:23:9-32:19
39            android:name="com.google.mlkit.common.internal.MlKitComponentDiscoveryService"
39-->[com.google.mlkit:smart-reply:16.1.1] AndroidManifest.xml:24:13-91
40            android:directBootAware="true"
40-->[com.google.mlkit:common:17.0.0] AndroidManifest.xml:17:13-43
41            android:exported="false" >
41-->[com.google.mlkit:smart-reply:16.1.1] AndroidManifest.xml:25:13-37
42            <meta-data
42-->[com.google.mlkit:smart-reply:16.1.1] AndroidManifest.xml:26:13-28:85
43                android:name="com.google.firebase.components:com.google.mlkit.nl.smartreply.component.SmartReplyComponentRegistrar"
43-->[com.google.mlkit:smart-reply:16.1.1] AndroidManifest.xml:27:17-132
44                android:value="com.google.firebase.components.ComponentRegistrar" />
44-->[com.google.mlkit:smart-reply:16.1.1] AndroidManifest.xml:28:17-82
45            <meta-data
45-->[com.google.mlkit:smart-reply:16.1.1] AndroidManifest.xml:29:13-31:85
46                android:name="com.google.firebase.components:com.google.mlkit.nl.smartreply.component.RemoteConfigRegistrar"
46-->[com.google.mlkit:smart-reply:16.1.1] AndroidManifest.xml:30:17-125
47                android:value="com.google.firebase.components.ComponentRegistrar" />
47-->[com.google.mlkit:smart-reply:16.1.1] AndroidManifest.xml:31:17-82
48            <meta-data
48-->[com.google.mlkit:language-id:16.1.1] AndroidManifest.xml:11:13-13:85
49                android:name="com.google.firebase.components:com.google.mlkit.nl.languageid.LanguageIdRegistrar"
49-->[com.google.mlkit:language-id:16.1.1] AndroidManifest.xml:12:17-113
50                android:value="com.google.firebase.components.ComponentRegistrar" />
50-->[com.google.mlkit:language-id:16.1.1] AndroidManifest.xml:13:17-82
51            <meta-data
51-->[com.google.mlkit:common:17.0.0] AndroidManifest.xml:20:13-22:85
52                android:name="com.google.firebase.components:com.google.mlkit.common.internal.CommonComponentRegistrar"
52-->[com.google.mlkit:common:17.0.0] AndroidManifest.xml:21:17-120
53                android:value="com.google.firebase.components.ComponentRegistrar" />
53-->[com.google.mlkit:common:17.0.0] AndroidManifest.xml:22:17-82
54        </service>
55
56        <receiver
56-->[com.joaomgcd:taskerpluginlibrary:0.3.3] AndroidManifest.xml:13:9-20:20
57            android:name="com.joaomgcd.taskerpluginlibrary.action.BroadcastReceiverAction"
57-->[com.joaomgcd:taskerpluginlibrary:0.3.3] AndroidManifest.xml:14:13-91
58            android:exported="true" >
58-->[com.joaomgcd:taskerpluginlibrary:0.3.3] AndroidManifest.xml:15:13-36
59            <intent-filter>
59-->[com.joaomgcd:taskerpluginlibrary:0.3.3] AndroidManifest.xml:17:13-19:29
60                <action android:name="com.twofortyfouram.locale.intent.action.FIRE_SETTING" />
60-->[com.joaomgcd:taskerpluginlibrary:0.3.3] AndroidManifest.xml:18:17-95
60-->[com.joaomgcd:taskerpluginlibrary:0.3.3] AndroidManifest.xml:18:25-92
61            </intent-filter>
62        </receiver>
63
64        <service
64-->[com.joaomgcd:taskerpluginlibrary:0.3.3] AndroidManifest.xml:22:9-29:19
65            android:name="com.joaomgcd.taskerpluginlibrary.action.IntentServiceAction"
65-->[com.joaomgcd:taskerpluginlibrary:0.3.3] AndroidManifest.xml:23:13-87
66            android:exported="true" >
66-->[com.joaomgcd:taskerpluginlibrary:0.3.3] AndroidManifest.xml:24:13-36
67            <intent-filter>
67-->[com.joaomgcd:taskerpluginlibrary:0.3.3] AndroidManifest.xml:17:13-19:29
68                <action android:name="com.twofortyfouram.locale.intent.action.FIRE_SETTING" />
68-->[com.joaomgcd:taskerpluginlibrary:0.3.3] AndroidManifest.xml:18:17-95
68-->[com.joaomgcd:taskerpluginlibrary:0.3.3] AndroidManifest.xml:18:25-92
69            </intent-filter>
70        </service>
71        <service
71-->[com.joaomgcd:taskerpluginlibrary:0.3.3] AndroidManifest.xml:30:9-37:19
72            android:name="com.joaomgcd.taskerpluginlibrary.condition.IntentServiceCondition"
72-->[com.joaomgcd:taskerpluginlibrary:0.3.3] AndroidManifest.xml:31:13-93
73            android:exported="true" >
73-->[com.joaomgcd:taskerpluginlibrary:0.3.3] AndroidManifest.xml:32:13-36
74            <intent-filter>
74-->[com.joaomgcd:taskerpluginlibrary:0.3.3] AndroidManifest.xml:34:13-36:29
75                <action android:name="com.twofortyfouram.locale.intent.action.QUERY_CONDITION" />
75-->[com.joaomgcd:taskerpluginlibrary:0.3.3] AndroidManifest.xml:35:17-98
75-->[com.joaomgcd:taskerpluginlibrary:0.3.3] AndroidManifest.xml:35:25-95
76            </intent-filter>
77        </service>
78
79        <receiver
79-->[com.joaomgcd:taskerpluginlibrary:0.3.3] AndroidManifest.xml:39:9-46:20
80            android:name="com.joaomgcd.taskerpluginlibrary.condition.BroadcastReceiverCondition"
80-->[com.joaomgcd:taskerpluginlibrary:0.3.3] AndroidManifest.xml:40:13-97
81            android:exported="true" >
81-->[com.joaomgcd:taskerpluginlibrary:0.3.3] AndroidManifest.xml:41:13-36
82            <intent-filter>
82-->[com.joaomgcd:taskerpluginlibrary:0.3.3] AndroidManifest.xml:34:13-36:29
83                <action android:name="com.twofortyfouram.locale.intent.action.QUERY_CONDITION" />
83-->[com.joaomgcd:taskerpluginlibrary:0.3.3] AndroidManifest.xml:35:17-98
83-->[com.joaomgcd:taskerpluginlibrary:0.3.3] AndroidManifest.xml:35:25-95
84            </intent-filter>
85        </receiver>
86
87        <provider
87-->[com.google.mlkit:common:17.0.0] AndroidManifest.xml:9:9-13:38
88            android:name="com.google.mlkit.common.internal.MlKitInitProvider"
88-->[com.google.mlkit:common:17.0.0] AndroidManifest.xml:10:13-78
89            android:authorities="com.dreadedlama.reply.smartreply.mlkitinitprovider"
89-->[com.google.mlkit:common:17.0.0] AndroidManifest.xml:11:13-69
90            android:exported="false"
90-->[com.google.mlkit:common:17.0.0] AndroidManifest.xml:12:13-37
91            android:initOrder="99" />
91-->[com.google.mlkit:common:17.0.0] AndroidManifest.xml:13:13-35
92
93        <activity
93-->[com.google.android.gms:play-services-base:17.0.0] AndroidManifest.xml:23:9-26:75
94            android:name="com.google.android.gms.common.api.GoogleApiActivity"
94-->[com.google.android.gms:play-services-base:17.0.0] AndroidManifest.xml:24:13-79
95            android:exported="false"
95-->[com.google.android.gms:play-services-base:17.0.0] AndroidManifest.xml:25:13-37
96            android:theme="@android:style/Theme.Translucent.NoTitleBar" />
96-->[com.google.android.gms:play-services-base:17.0.0] AndroidManifest.xml:26:13-72
97
98        <meta-data
98-->[com.google.android.gms:play-services-basement:17.0.0] AndroidManifest.xml:23:9-25:69
99            android:name="com.google.android.gms.version"
99-->[com.google.android.gms:play-services-basement:17.0.0] AndroidManifest.xml:24:13-58
100            android:value="@integer/google_play_services_version" />
100-->[com.google.android.gms:play-services-basement:17.0.0] AndroidManifest.xml:25:13-66
101
102        <provider
102-->[androidx.lifecycle:lifecycle-process:2.2.0] AndroidManifest.xml:25:9-29:43
103            android:name="androidx.lifecycle.ProcessLifecycleOwnerInitializer"
103-->[androidx.lifecycle:lifecycle-process:2.2.0] AndroidManifest.xml:26:13-79
104            android:authorities="com.dreadedlama.reply.smartreply.lifecycle-process"
104-->[androidx.lifecycle:lifecycle-process:2.2.0] AndroidManifest.xml:27:13-69
105            android:exported="false"
105-->[androidx.lifecycle:lifecycle-process:2.2.0] AndroidManifest.xml:28:13-37
106            android:multiprocess="true" />
106-->[androidx.lifecycle:lifecycle-process:2.2.0] AndroidManifest.xml:29:13-40
107    </application>
108
109</manifest>